2019-01-18T12:33:50+00:00 CRITICAL syntax error, unexpected '}' i /Applications/MAMP/htdocs/kraftfulltraning/wordpress/wp-content/themes/kraftfulltraning/functions.php på rad 183

2019-01-18T12:35:49+00:00 CRITICAL syntax error, unexpected '}' i /Applications/MAMP/htdocs/kraftfulltraning/wordpress/wp-content/themes/kraftfulltraning/functions.php på rad 183

2019-01-18T12:37:49+00:00 CRITICAL syntax error, unexpected '}' i /Applications/MAMP/htdocs/kraftfulltraning/wordpress/wp-content/themes/kraftfulltraning/functions.php på rad 183

2019-01-18T12:38:27+00:00 CRITICAL syntax error, unexpected '}' i /Applications/MAMP/htdocs/kraftfulltraning/wordpress/wp-content/themes/kraftfulltraning/functions.php på rad 183

2019-01-18T12:39:32+00:00 CRITICAL Uncaught Error: Call to a member function get_image_id() on null in /Applications/MAMP/htdocs/kraftfulltraning/wordpress/wp-content/themes/kraftfulltraning/functions.php:182
Stack trace:
#0 /Applications/MAMP/htdocs/kraftfulltraning/wordpress/wp-includes/class-wp-hook.php(286): photo_gallery('')
#1 /Applications/MAMP/htdocs/kraftfulltraning/wordpress/wp-includes/class-wp-hook.php(310): WP_Hook->apply_filters('', Array)
#2 /Applications/MAMP/htdocs/kraftfulltraning/wordpress/wp-includes/plugin.php(453): WP_Hook->do_action(Array)
#3 /Applications/MAMP/htdocs/kraftfulltraning/wordpress/wp-content/themes/kraftfulltraning/woocommerce/content-single-product.php(41): do_action('woocommerce_bef...')
#4 /Applications/MAMP/htdocs/kraftfulltraning/wordpress/wp-includes/template.php(690): require('/Applications/M...')
#5 /Applications/MAMP/htdocs/kraftfulltraning/wordpress/wp-content/plugins/woocommerce/includes/wc-core-functions.php(178): load_template('/Applications/M...', false)
#6 /Applications/MAMP/htdocs/kraftfullt i /Applications/MAMP/htdocs/kraftfulltraning/wordpress/wp-content/themes/kraftfulltraning/functions.php på rad 182

2019-01-18T12:39:56+00:00 CRITICAL syntax error, unexpected '$product' (T_VARIABLE) i /Applications/MAMP/htdocs/kraftfulltraning/wordpress/wp-content/themes/kraftfulltraning/functions.php på rad 182

2019-01-18T12:39:59+00:00 CRITICAL syntax error, unexpected '$product' (T_VARIABLE) i /Applications/MAMP/htdocs/kraftfulltraning/wordpress/wp-content/themes/kraftfulltraning/functions.php på rad 182

2019-01-18T13:16:14+00:00 CRITICAL Uncaught Error: Call to a member function get_image_id() on null in /Applications/MAMP/htdocs/kraftfulltraning/wordpress/wp-content/themes/kraftfulltraning/functions.php:184
Stack trace:
#0 /Applications/MAMP/htdocs/kraftfulltraning/wordpress/wp-includes/class-wp-hook.php(286): photo_gallery('')
#1 /Applications/MAMP/htdocs/kraftfulltraning/wordpress/wp-includes/class-wp-hook.php(310): WP_Hook->apply_filters('', Array)
#2 /Applications/MAMP/htdocs/kraftfulltraning/wordpress/wp-includes/plugin.php(453): WP_Hook->do_action(Array)
#3 /Applications/MAMP/htdocs/kraftfulltraning/wordpress/wp-content/themes/kraftfulltraning/woocommerce/content-single-product.php(41): do_action('woocommerce_bef...')
#4 /Applications/MAMP/htdocs/kraftfulltraning/wordpress/wp-includes/template.php(690): require('/Applications/M...')
#5 /Applications/MAMP/htdocs/kraftfulltraning/wordpress/wp-content/plugins/woocommerce/includes/wc-core-functions.php(178): load_template('/Applications/M...', false)
#6 /Applications/MAMP/htdocs/kraftfullt i /Applications/MAMP/htdocs/kraftfulltraning/wordpress/wp-content/themes/kraftfulltraning/functions.php på rad 184

2019-01-18T16:47:08+00:00 CRITICAL Uncaught Error: Undefined class constant 'get_gallery_image_ids' in /Applications/MAMP/htdocs/kraftfulltraning/wordpress/wp-content/themes/kraftfulltraning/functions.php:188
Stack trace:
#0 /Applications/MAMP/htdocs/kraftfulltraning/wordpress/wp-includes/class-wp-hook.php(286): photo_gallery('')
#1 /Applications/MAMP/htdocs/kraftfulltraning/wordpress/wp-includes/class-wp-hook.php(310): WP_Hook->apply_filters('', Array)
#2 /Applications/MAMP/htdocs/kraftfulltraning/wordpress/wp-includes/plugin.php(453): WP_Hook->do_action(Array)
#3 /Applications/MAMP/htdocs/kraftfulltraning/wordpress/wp-content/themes/kraftfulltraning/woocommerce/content-single-product.php(41): do_action('woocommerce_bef...')
#4 /Applications/MAMP/htdocs/kraftfulltraning/wordpress/wp-includes/template.php(690): require('/Applications/M...')
#5 /Applications/MAMP/htdocs/kraftfulltraning/wordpress/wp-content/plugins/woocommerce/includes/wc-core-functions.php(178): load_template('/Applications/M...', false)
#6 /Applications/MAMP/htdocs/kraftfullt i /Applications/MAMP/htdocs/kraftfulltraning/wordpress/wp-content/themes/kraftfulltraning/functions.php på rad 188

2019-01-18T17:16:51+00:00 CRITICAL Uncaught Error: Undefined class constant 'get_gallery_image_ids' in /Applications/MAMP/htdocs/kraftfulltraning/wordpress/wp-content/themes/kraftfulltraning/functions.php:188
Stack trace:
#0 /Applications/MAMP/htdocs/kraftfulltraning/wordpress/wp-includes/class-wp-hook.php(286): photo_gallery('')
#1 /Applications/MAMP/htdocs/kraftfulltraning/wordpress/wp-includes/class-wp-hook.php(310): WP_Hook->apply_filters('', Array)
#2 /Applications/MAMP/htdocs/kraftfulltraning/wordpress/wp-includes/plugin.php(453): WP_Hook->do_action(Array)
#3 /Applications/MAMP/htdocs/kraftfulltraning/wordpress/wp-content/themes/kraftfulltraning/woocommerce/content-single-product.php(41): do_action('woocommerce_bef...')
#4 /Applications/MAMP/htdocs/kraftfulltraning/wordpress/wp-includes/template.php(690): require('/Applications/M...')
#5 /Applications/MAMP/htdocs/kraftfulltraning/wordpress/wp-content/plugins/woocommerce/includes/wc-core-functions.php(178): load_template('/Applications/M...', false)
#6 /Applications/MAMP/htdocs/kraftfullt i /Applications/MAMP/htdocs/kraftfulltraning/wordpress/wp-content/themes/kraftfulltraning/functions.php på rad 188

2019-01-18T17:19:48+00:00 CRITICAL Uncaught Error: Undefined class constant 'get_gallery_image_ids' in /Applications/MAMP/htdocs/kraftfulltraning/wordpress/wp-content/themes/kraftfulltraning/functions.php:188
Stack trace:
#0 /Applications/MAMP/htdocs/kraftfulltraning/wordpress/wp-includes/class-wp-hook.php(286): photo_gallery('')
#1 /Applications/MAMP/htdocs/kraftfulltraning/wordpress/wp-includes/class-wp-hook.php(310): WP_Hook->apply_filters('', Array)
#2 /Applications/MAMP/htdocs/kraftfulltraning/wordpress/wp-includes/plugin.php(453): WP_Hook->do_action(Array)
#3 /Applications/MAMP/htdocs/kraftfulltraning/wordpress/wp-content/themes/kraftfulltraning/woocommerce/content-single-product.php(41): do_action('woocommerce_bef...')
#4 /Applications/MAMP/htdocs/kraftfulltraning/wordpress/wp-includes/template.php(690): require('/Applications/M...')
#5 /Applications/MAMP/htdocs/kraftfulltraning/wordpress/wp-content/plugins/woocommerce/includes/wc-core-functions.php(178): load_template('/Applications/M...', false)
#6 /Applications/MAMP/htdocs/kraftfullt i /Applications/MAMP/htdocs/kraftfulltraning/wordpress/wp-content/themes/kraftfulltraning/functions.php på rad 188

2019-01-18T18:06:16+00:00 CRITICAL Uncaught Error: Undefined class constant 'get_gallery_image_ids' in /Applications/MAMP/htdocs/kraftfulltraning/wordpress/wp-content/themes/kraftfulltraning/functions.php:188
Stack trace:
#0 /Applications/MAMP/htdocs/kraftfulltraning/wordpress/wp-includes/class-wp-hook.php(286): photo_gallery('')
#1 /Applications/MAMP/htdocs/kraftfulltraning/wordpress/wp-includes/class-wp-hook.php(310): WP_Hook->apply_filters('', Array)
#2 /Applications/MAMP/htdocs/kraftfulltraning/wordpress/wp-includes/plugin.php(453): WP_Hook->do_action(Array)
#3 /Applications/MAMP/htdocs/kraftfulltraning/wordpress/wp-content/themes/kraftfulltraning/woocommerce/content-single-product.php(41): do_action('woocommerce_bef...')
#4 /Applications/MAMP/htdocs/kraftfulltraning/wordpress/wp-includes/template.php(690): require('/Applications/M...')
#5 /Applications/MAMP/htdocs/kraftfulltraning/wordpress/wp-content/plugins/woocommerce/includes/wc-core-functions.php(178): load_template('/Applications/M...', false)
#6 /Applications/MAMP/htdocs/kraftfullt i /Applications/MAMP/htdocs/kraftfulltraning/wordpress/wp-content/themes/kraftfulltraning/functions.php på rad 188

2019-01-18T18:09:26+00:00 CRITICAL Uncaught Error: Undefined class constant 'get_gallery_image_ids' in /Applications/MAMP/htdocs/kraftfulltraning/wordpress/wp-content/themes/kraftfulltraning/functions.php:188
Stack trace:
#0 /Applications/MAMP/htdocs/kraftfulltraning/wordpress/wp-includes/class-wp-hook.php(286): photo_gallery('')
#1 /Applications/MAMP/htdocs/kraftfulltraning/wordpress/wp-includes/class-wp-hook.php(310): WP_Hook->apply_filters('', Array)
#2 /Applications/MAMP/htdocs/kraftfulltraning/wordpress/wp-includes/plugin.php(453): WP_Hook->do_action(Array)
#3 /Applications/MAMP/htdocs/kraftfulltraning/wordpress/wp-content/themes/kraftfulltraning/woocommerce/content-single-product.php(41): do_action('woocommerce_bef...')
#4 /Applications/MAMP/htdocs/kraftfulltraning/wordpress/wp-includes/template.php(690): require('/Applications/M...')
#5 /Applications/MAMP/htdocs/kraftfulltraning/wordpress/wp-content/plugins/woocommerce/includes/wc-core-functions.php(178): load_template('/Applications/M...', false)
#6 /Applications/MAMP/htdocs/kraftfullt i /Applications/MAMP/htdocs/kraftfulltraning/wordpress/wp-content/themes/kraftfulltraning/functions.php på rad 188

2019-01-18T18:11:16+00:00 CRITICAL Uncaught Error: Undefined class constant 'get_gallery_image_ids' in /Applications/MAMP/htdocs/kraftfulltraning/wordpress/wp-content/themes/kraftfulltraning/functions.php:188
Stack trace:
#0 /Applications/MAMP/htdocs/kraftfulltraning/wordpress/wp-includes/class-wp-hook.php(286): photo_gallery('')
#1 /Applications/MAMP/htdocs/kraftfulltraning/wordpress/wp-includes/class-wp-hook.php(310): WP_Hook->apply_filters('', Array)
#2 /Applications/MAMP/htdocs/kraftfulltraning/wordpress/wp-includes/plugin.php(453): WP_Hook->do_action(Array)
#3 /Applications/MAMP/htdocs/kraftfulltraning/wordpress/wp-content/themes/kraftfulltraning/woocommerce/content-single-product.php(41): do_action('woocommerce_bef...')
#4 /Applications/MAMP/htdocs/kraftfulltraning/wordpress/wp-includes/template.php(690): require('/Applications/M...')
#5 /Applications/MAMP/htdocs/kraftfulltraning/wordpress/wp-content/plugins/woocommerce/includes/wc-core-functions.php(178): load_template('/Applications/M...', false)
#6 /Applications/MAMP/htdocs/kraftfullt i /Applications/MAMP/htdocs/kraftfulltraning/wordpress/wp-content/themes/kraftfulltraning/functions.php på rad 188

