2019-01-22T11:29:07+00:00 DEBUG 
====Stripe Version: 4.1.13====
====Start Log====
Keys are not set correctly.
====End Log====


2019-01-22T11:29:25+00:00 DEBUG 
====Stripe Version: 4.1.13====
====Start Log====
Keys are not set correctly.
====End Log====


2019-01-22T11:29:33+00:00 DEBUG 
====Stripe Version: 4.1.13====
====Start Log====
Keys are not set correctly.
====End Log====


2019-01-22T11:29:40+00:00 DEBUG 
====Stripe Version: 4.1.13====
====Start Log====
Keys are not set correctly.
====End Log====


2019-01-22T11:29:51+00:00 DEBUG 
====Stripe Version: 4.1.13====
====Start Log====
Keys are not set correctly.
====End Log====


2019-01-22T11:29:51+00:00 DEBUG 
====Stripe Version: 4.1.13====
====Start Log====
Keys are not set correctly.
====End Log====


2019-01-22T11:30:06+00:00 DEBUG 
====Stripe Version: 4.1.13====
====Start Log====
Keys are not set correctly.
====End Log====


2019-01-22T11:30:06+00:00 DEBUG 
====Stripe Version: 4.1.13====
====Start Log====
Keys are not set correctly.
====End Log====


2019-01-22T11:30:07+00:00 DEBUG 
====Stripe Version: 4.1.13====
====Start Log====
Keys are not set correctly.
====End Log====


2019-01-22T11:30:18+00:00 DEBUG 
====Stripe Version: 4.1.13====
====Start Log====
Keys are not set correctly.
====End Log====


2019-01-22T11:30:18+00:00 DEBUG 
====Stripe Version: 4.1.13====
====Start Log====
Keys are not set correctly.
====End Log====


2019-01-22T11:30:20+00:00 DEBUG 
====Stripe Version: 4.1.13====
====Start Log====
Keys are not set correctly.
====End Log====


2019-01-22T11:30:22+00:00 DEBUG 
====Stripe Version: 4.1.13====
====Start Log====
Keys are not set correctly.
====End Log====


2019-01-22T11:30:54+00:00 DEBUG 
====Stripe Version: 4.1.13====
====Start Log====
Keys are not set correctly.
====End Log====


2019-01-22T11:31:01+00:00 DEBUG 
====Stripe Version: 4.1.13====
====Start Log====
Keys are not set correctly.
====End Log====


2019-01-22T11:31:01+00:00 DEBUG 
====Stripe Version: 4.1.13====
====Start Log====
Keys are not set correctly.
====End Log====


2019-01-22T11:31:02+00:00 DEBUG 
====Stripe Version: 4.1.13====
====Start Log====
Keys are not set correctly.
====End Log====


2019-01-22T11:31:34+00:00 DEBUG 
====Stripe Version: 4.1.13====
====Start Log====
Keys are not set correctly.
====End Log====


2019-01-22T11:31:41+00:00 DEBUG 
====Stripe Version: 4.1.13====
====Start Log====
Keys are not set correctly.
====End Log====


2019-01-22T11:31:47+00:00 DEBUG 
====Stripe Version: 4.1.13====
====Start Log====
Keys are not set correctly.
====End Log====


2019-01-22T11:31:47+00:00 DEBUG 
====Stripe Version: 4.1.13====
====Start Log====
Keys are not set correctly.
====End Log====


2019-01-22T11:31:48+00:00 DEBUG 
====Stripe Version: 4.1.13====
====Start Log====
Keys are not set correctly.
====End Log====


2019-01-22T11:31:54+00:00 DEBUG 
====Stripe Version: 4.1.13====
====Start Log====
Keys are not set correctly.
====End Log====


2019-01-22T11:31:59+00:00 DEBUG 
====Stripe Version: 4.1.13====
====Start Log====
Keys are not set correctly.
====End Log====


2019-01-22T11:32:02+00:00 DEBUG 
====Stripe Version: 4.1.13====
====Start Log====
Keys are not set correctly.
====End Log====


2019-01-22T11:32:06+00:00 DEBUG 
====Stripe Version: 4.1.13====
====Start Log====
Keys are not set correctly.
====End Log====


2019-01-22T11:32:10+00:00 DEBUG 
====Stripe Version: 4.1.13====
====Start Log====
Keys are not set correctly.
====End Log====


2019-01-22T11:32:13+00:00 DEBUG 
====Stripe Version: 4.1.13====
====Start Log====
Keys are not set correctly.
====End Log====


2019-01-22T11:32:27+00:00 DEBUG 
====Stripe Version: 4.1.13====
====Start Log====
Keys are not set correctly.
====End Log====


2019-01-22T11:32:27+00:00 DEBUG 
====Stripe Version: 4.1.13====
====Start Log====
Keys are not set correctly.
====End Log====


2019-01-22T11:32:28+00:00 DEBUG 
====Stripe Version: 4.1.13====
====Start Log====
Keys are not set correctly.
====End Log====


2019-01-22T11:32:53+00:00 DEBUG 
====Stripe Version: 4.1.13====
====Start Log====
Keys are not set correctly.
====End Log====


2019-01-22T11:32:56+00:00 DEBUG 
====Stripe Version: 4.1.13====
====Start Log====
Keys are not set correctly.
====End Log====


2019-01-22T11:33:05+00:00 DEBUG 
====Stripe Version: 4.1.13====
====Start Log====
Keys are not set correctly.
====End Log====


2019-01-22T11:33:09+00:00 DEBUG 
====Stripe Version: 4.1.13====
====Start Log====
Keys are not set correctly.
====End Log====


2019-01-22T11:33:12+00:00 DEBUG 
====Stripe Version: 4.1.13====
====Start Log====
Keys are not set correctly.
====End Log====


2019-01-22T11:33:27+00:00 DEBUG 
====Stripe Version: 4.1.13====
====Start Log====
Keys are not set correctly.
====End Log====


2019-01-22T11:33:30+00:00 DEBUG 
====Stripe Version: 4.1.13====
====Start Log====
Keys are not set correctly.
====End Log====


2019-01-22T11:33:37+00:00 DEBUG 
====Stripe Version: 4.1.13====
====Start Log====
Keys are not set correctly.
====End Log====


2019-01-22T11:33:37+00:00 DEBUG 
====Stripe Version: 4.1.13====
====Start Log====
Keys are not set correctly.
====End Log====


2019-01-22T11:35:20+00:00 DEBUG 
====Stripe Version: 4.1.13====
====Start Log====
Keys are not set correctly.
====End Log====


2019-01-22T11:35:20+00:00 DEBUG 
====Stripe Version: 4.1.13====
====Start Log====
Keys are not set correctly.
====End Log====


2019-01-22T11:35:23+00:00 DEBUG 
====Stripe Version: 4.1.13====
====Start Log====
Keys are not set correctly.
====End Log====


2019-01-22T11:35:26+00:00 DEBUG 
====Stripe Version: 4.1.13====
====Start Log====
Keys are not set correctly.
====End Log====


2019-01-22T11:35:29+00:00 DEBUG 
====Stripe Version: 4.1.13====
====Start Log====
Keys are not set correctly.
====End Log====


2019-01-22T11:35:38+00:00 DEBUG 
====Stripe Version: 4.1.13====
====Start Log====
Keys are not set correctly.
====End Log====


2019-01-22T11:35:44+00:00 DEBUG 
====Stripe Version: 4.1.13====
====Start Log====
Keys are not set correctly.
====End Log====


2019-01-22T11:36:41+00:00 DEBUG 
====Stripe Version: 4.1.13====
====Start Log====
Keys are not set correctly.
====End Log====


2019-01-22T11:36:48+00:00 DEBUG 
====Stripe Version: 4.1.13====
====Start Log====
Keys are not set correctly.
====End Log====


2019-01-22T11:36:48+00:00 DEBUG 
====Stripe Version: 4.1.13====
====Start Log====
Keys are not set correctly.
====End Log====


2019-01-22T11:37:18+00:00 DEBUG 
====Stripe Version: 4.1.13====
====Start Log====
Keys are not set correctly.
====End Log====


2019-01-22T11:39:18+00:00 DEBUG 
====Stripe Version: 4.1.13====
====Start Log====
Keys are not set correctly.
====End Log====


2019-01-22T11:39:18+00:00 DEBUG 
====Stripe Version: 4.1.13====
====Start Log====
Keys are not set correctly.
====End Log====


2019-01-22T11:39:23+00:00 DEBUG 
====Stripe Version: 4.1.13====
====Start Log====
Keys are not set correctly.
====End Log====


2019-01-22T11:39:27+00:00 DEBUG 
====Stripe Version: 4.1.13====
====Start Log====
Keys are not set correctly.
====End Log====


2019-01-22T11:39:30+00:00 DEBUG 
====Stripe Version: 4.1.13====
====Start Log====
Keys are not set correctly.
====End Log====


2019-01-22T11:39:43+00:00 DEBUG 
====Stripe Version: 4.1.13====
====Start Log====
Keys are not set correctly.
====End Log====


2019-01-22T11:39:48+00:00 DEBUG 
====Stripe Version: 4.1.13====
====Start Log====
Keys are not set correctly.
====End Log====


2019-01-22T11:39:57+00:00 DEBUG 
====Stripe Version: 4.1.13====
====Start Log====
Keys are not set correctly.
====End Log====


2019-01-22T11:39:57+00:00 DEBUG 
====Stripe Version: 4.1.13====
====Start Log====
Keys are not set correctly.
====End Log====


